2021-11-22 15:24:25,194 DEBUG [main] GiftRunner:14 - URL Opened
2021-11-22 15:24:25,845 DEBUG [main] cache:45 - Couldn't find template in cache for "Extent.ftl"("en_US", UTF-8, parsed); will try to load it.
2021-11-22 15:24:25,862 DEBUG [main] cache:45 - TemplateLoader.findTemplateSource("Extent_en_US.ftl"): Not found
2021-11-22 15:24:25,873 DEBUG [main] cache:45 - TemplateLoader.findTemplateSource("Extent_en.ftl"): Not found
2021-11-22 15:24:25,875 DEBUG [main] cache:45 - TemplateLoader.findTemplateSource("Extent.ftl"): Found
2021-11-22 15:24:25,875 DEBUG [main] cache:45 - Loading template for "Extent.ftl"("en_US", UTF-8, parsed) from "jar:file:/C:/Users/Misbah/.m2/repository/com/relevantcodes/extentreports/2.41.2/extentreports-2.41.2.jar!/com/relevantcodes/extentreports/view/Extent.ftl"
2021-11-22 15:24:26,310 DEBUG [main] GiftRunner:14 - Page opend with title Gifts Online - Send Unique, Unusual Gifts in India, Buy Gifts– Bigsmall.in
2021-11-22 15:24:26,636 DEBUG [main] cache:45 - Couldn't find template in cache for "Extent.ftl"("en_US", UTF-8, parsed); will try to load it.
2021-11-22 15:24:26,637 DEBUG [main] cache:45 - TemplateLoader.findTemplateSource("Extent_en_US.ftl"): Not found
2021-11-22 15:24:26,638 DEBUG [main] cache:45 - TemplateLoader.findTemplateSource("Extent_en.ftl"): Not found
2021-11-22 15:24:26,638 DEBUG [main] cache:45 - TemplateLoader.findTemplateSource("Extent.ftl"): Found
2021-11-22 15:24:26,639 DEBUG [main] cache:45 - Loading template for "Extent.ftl"("en_US", UTF-8, parsed) from "jar:file:/C:/Users/Misbah/.m2/repository/com/relevantcodes/extentreports/2.41.2/extentreports-2.41.2.jar!/com/relevantcodes/extentreports/view/Extent.ftl"
2021-11-22 15:24:28,843 DEBUG [main] GiftRunner:14 - Log In Button is clicked in page Home Page
2021-11-22 15:24:34,343 DEBUG [main] GiftRunner:14 - Email field is send in page Account Log in
2021-11-22 15:24:34,706 DEBUG [main] GiftRunner:14 - password field is send in page Account Log in
2021-11-22 15:24:35,318 DEBUG [main] GiftRunner:14 - sign in button is clicked in page Account Log in
2021-11-22 15:24:35,552 DEBUG [main] GiftRunner:14 - Successfully logged in
2021-11-22 15:24:38,430 ERROR [main] GiftRunner:21 - Bigsmall pic is not able clicked in page Log in page
2021-11-22 15:24:38,641 DEBUG [main] cache:45 - Couldn't find template in cache for "Extent.ftl"("en_US", UTF-8, parsed); will try to load it.
2021-11-22 15:24:38,642 DEBUG [main] cache:45 - TemplateLoader.findTemplateSource("Extent_en_US.ftl"): Not found
2021-11-22 15:24:38,643 DEBUG [main] cache:45 - TemplateLoader.findTemplateSource("Extent_en.ftl"): Not found
2021-11-22 15:24:38,643 DEBUG [main] cache:45 - TemplateLoader.findTemplateSource("Extent.ftl"): Found
2021-11-22 15:24:38,643 DEBUG [main] cache:45 - Loading template for "Extent.ftl"("en_US", UTF-8, parsed) from "jar:file:/C:/Users/Misbah/.m2/repository/com/relevantcodes/extentreports/2.41.2/extentreports-2.41.2.jar!/com/relevantcodes/extentreports/view/Extent.ftl"
2021-11-22 15:24:40,785 ERROR [main] GiftRunner:21 - Personalize Gift button is not able clicked in page Home page
2021-11-22 15:24:40,925 DEBUG [main] cache:45 - Couldn't find template in cache for "Extent.ftl"("en_US", UTF-8, parsed); will try to load it.
2021-11-22 15:24:40,927 DEBUG [main] cache:45 - TemplateLoader.findTemplateSource("Extent_en_US.ftl"): Not found
2021-11-22 15:24:40,929 DEBUG [main] cache:45 - TemplateLoader.findTemplateSource("Extent_en.ftl"): Not found
2021-11-22 15:24:40,929 DEBUG [main] cache:45 - TemplateLoader.findTemplateSource("Extent.ftl"): Found
2021-11-22 15:24:40,930 DEBUG [main] cache:45 - Loading template for "Extent.ftl"("en_US", UTF-8, parsed) from "jar:file:/C:/Users/Misbah/.m2/repository/com/relevantcodes/extentreports/2.41.2/extentreports-2.41.2.jar!/com/relevantcodes/extentreports/view/Extent.ftl"
2021-11-22 15:24:44,698 DEBUG [main] GiftRunner:14 - secretsanta button is clicked in page  Home page
2021-11-22 15:24:45,003 ERROR [main] GiftRunner:21 - tissue box  is not able clicked in page  secretsanta page
2021-11-22 15:24:45,175 DEBUG [main] cache:45 - Couldn't find template in cache for "Extent.ftl"("en_US", UTF-8, parsed); will try to load it.
2021-11-22 15:24:45,176 DEBUG [main] cache:45 - TemplateLoader.findTemplateSource("Extent_en_US.ftl"): Not found
2021-11-22 15:24:45,176 DEBUG [main] cache:45 - TemplateLoader.findTemplateSource("Extent_en.ftl"): Not found
2021-11-22 15:24:45,177 DEBUG [main] cache:45 - TemplateLoader.findTemplateSource("Extent.ftl"): Found
2021-11-22 15:24:45,177 DEBUG [main] cache:45 - Loading template for "Extent.ftl"("en_US", UTF-8, parsed) from "jar:file:/C:/Users/Misbah/.m2/repository/com/relevantcodes/extentreports/2.41.2/extentreports-2.41.2.jar!/com/relevantcodes/extentreports/view/Extent.ftl"
2021-11-22 15:24:45,241 ERROR [main] GiftRunner:21 - Corporate Button is not able clicked in page Home Page
2021-11-22 15:24:45,403 DEBUG [main] cache:45 - Couldn't find template in cache for "Extent.ftl"("en_US", UTF-8, parsed); will try to load it.
2021-11-22 15:24:45,403 DEBUG [main] cache:45 - TemplateLoader.findTemplateSource("Extent_en_US.ftl"): Not found
2021-11-22 15:24:45,404 DEBUG [main] cache:45 - TemplateLoader.findTemplateSource("Extent_en.ftl"): Not found
2021-11-22 15:24:45,404 DEBUG [main] cache:45 - TemplateLoader.findTemplateSource("Extent.ftl"): Found
2021-11-22 15:24:45,404 DEBUG [main] cache:45 - Loading template for "Extent.ftl"("en_US", UTF-8, parsed) from "jar:file:/C:/Users/Misbah/.m2/repository/com/relevantcodes/extentreports/2.41.2/extentreports-2.41.2.jar!/com/relevantcodes/extentreports/view/Extent.ftl"
2021-11-22 15:24:48,400 DEBUG [main] GiftRunner:14 - Gifts For Girls is clicked in page Home Page
2021-11-22 15:24:54,665 DEBUG [main] GiftRunner:14 - Magical Rainbow Rug is clicked in page result page
2021-11-22 15:24:58,343 DEBUG [main] GiftRunner:14 - quantity button  is send in page socks page
2021-11-22 15:24:59,066 DEBUG [main] GiftRunner:14 - cart button is clicked in page socks page
2021-11-22 15:25:02,846 DEBUG [main] GiftRunner:14 - Close Button is clicked in page Cart Page
2021-11-22 15:25:06,297 DEBUG [main] GiftRunner:14 - Bigsmall pic is clicked in page cart page
2021-11-22 15:25:11,732 DEBUG [main] cache:45 - Couldn't find template in cache for "Extent.ftl"("en_US", UTF-8, parsed); will try to load it.
2021-11-22 15:25:11,733 DEBUG [main] cache:45 - TemplateLoader.findTemplateSource("Extent_en_US.ftl"): Not found
2021-11-22 15:25:11,734 DEBUG [main] cache:45 - TemplateLoader.findTemplateSource("Extent_en.ftl"): Not found
2021-11-22 15:25:11,736 DEBUG [main] cache:45 - TemplateLoader.findTemplateSource("Extent.ftl"): Found
2021-11-22 15:25:11,738 DEBUG [main] cache:45 - Loading template for "Extent.ftl"("en_US", UTF-8, parsed) from "jar:file:/C:/Users/Misbah/.m2/repository/com/relevantcodes/extentreports/2.41.2/extentreports-2.41.2.jar!/com/relevantcodes/extentreports/view/Extent.ftl"
2021-11-22 15:25:14,238 DEBUG [main] GiftRunner:14 - Personalize Gift button is clicked in page Home page
2021-11-22 15:25:17,504 DEBUG [main] GiftRunner:14 - Stainless Steel Bamboo Bottle is clicked in page result page
2021-11-22 15:25:20,125 DEBUG [main] GiftRunner:14 - Quantity Field is send in page Cart Page
2021-11-22 15:25:20,639 DEBUG [main] GiftRunner:14 - Add to cart is clicked in page Cart page
2021-11-22 15:25:24,241 DEBUG [main] GiftRunner:14 - Close Button is clicked in page Cart Page
2021-11-22 15:25:27,350 DEBUG [main] GiftRunner:14 - Bigsmall pic is clicked in page cart
2021-11-22 15:25:28,072 DEBUG [main] cache:45 - Couldn't find template in cache for "Extent.ftl"("en_US", UTF-8, parsed); will try to load it.
2021-11-22 15:25:28,073 DEBUG [main] cache:45 - TemplateLoader.findTemplateSource("Extent_en_US.ftl"): Not found
2021-11-22 15:25:28,074 DEBUG [main] cache:45 - TemplateLoader.findTemplateSource("Extent_en.ftl"): Not found
2021-11-22 15:25:28,075 DEBUG [main] cache:45 - TemplateLoader.findTemplateSource("Extent.ftl"): Found
2021-11-22 15:25:28,076 DEBUG [main] cache:45 - Loading template for "Extent.ftl"("en_US", UTF-8, parsed) from "jar:file:/C:/Users/Misbah/.m2/repository/com/relevantcodes/extentreports/2.41.2/extentreports-2.41.2.jar!/com/relevantcodes/extentreports/view/Extent.ftl"
2021-11-22 15:25:31,380 DEBUG [main] GiftRunner:14 - diwali Gift button is clicked in page Home page
2021-11-22 15:25:34,841 DEBUG [main] GiftRunner:14 - Handmade Fish Platter is clicked in page result page
2021-11-22 15:25:37,461 DEBUG [main] GiftRunner:14 - Quantity Field is send in page Cart Page
2021-11-22 15:25:38,035 DEBUG [main] GiftRunner:14 - Add to cart is clicked in page Cart page
2021-11-22 15:25:41,967 DEBUG [main] GiftRunner:14 - Close Button is clicked in page Cart Page
2021-11-22 15:25:44,636 DEBUG [main] GiftRunner:14 - Bigsmall pic is clicked in page cart
2021-11-22 15:25:45,083 DEBUG [main] cache:45 - Couldn't find template in cache for "Extent.ftl"("en_US", UTF-8, parsed); will try to load it.
2021-11-22 15:25:45,086 DEBUG [main] cache:45 - TemplateLoader.findTemplateSource("Extent_en_US.ftl"): Not found
2021-11-22 15:25:45,086 DEBUG [main] cache:45 - TemplateLoader.findTemplateSource("Extent_en.ftl"): Not found
2021-11-22 15:25:45,087 DEBUG [main] cache:45 - TemplateLoader.findTemplateSource("Extent.ftl"): Found
2021-11-22 15:25:45,087 DEBUG [main] cache:45 - Loading template for "Extent.ftl"("en_US", UTF-8, parsed) from "jar:file:/C:/Users/Misbah/.m2/repository/com/relevantcodes/extentreports/2.41.2/extentreports-2.41.2.jar!/com/relevantcodes/extentreports/view/Extent.ftl"
2021-11-22 15:25:50,946 DEBUG [main] GiftRunner:14 - newyear Gift button is clicked in page Home page
2021-11-22 15:25:55,114 DEBUG [main] GiftRunner:14 - Vintage Coffee Grinder is clicked in page result page
2021-11-22 15:25:57,833 DEBUG [main] GiftRunner:14 - Quantity Field is send in page Cart Page
2021-11-22 15:25:58,532 DEBUG [main] GiftRunner:14 - Add to cart is clicked in page Cart page
2021-11-22 15:26:02,371 DEBUG [main] GiftRunner:14 - Close Button is clicked in page Cart Page
2021-11-22 15:26:05,280 DEBUG [main] GiftRunner:14 - Bigsmall pic is clicked in page cart
2021-11-22 15:26:05,710 DEBUG [main] cache:45 - Couldn't find template in cache for "Extent.ftl"("en_US", UTF-8, parsed); will try to load it.
2021-11-22 15:26:05,711 DEBUG [main] cache:45 - TemplateLoader.findTemplateSource("Extent_en_US.ftl"): Not found
2021-11-22 15:26:05,711 DEBUG [main] cache:45 - TemplateLoader.findTemplateSource("Extent_en.ftl"): Not found
2021-11-22 15:26:05,712 DEBUG [main] cache:45 - TemplateLoader.findTemplateSource("Extent.ftl"): Found
2021-11-22 15:26:05,712 DEBUG [main] cache:45 - Loading template for "Extent.ftl"("en_US", UTF-8, parsed) from "jar:file:/C:/Users/Misbah/.m2/repository/com/relevantcodes/extentreports/2.41.2/extentreports-2.41.2.jar!/com/relevantcodes/extentreports/view/Extent.ftl"
2021-11-22 15:26:11,415 DEBUG [main] GiftRunner:14 - rakhi button is clicked in page Home page
2021-11-22 15:26:14,964 DEBUG [main] GiftRunner:14 - Mask Bandhan Rakhi is clicked in page result page
2021-11-22 15:26:17,906 DEBUG [main] GiftRunner:14 - Quantity Field is send in page Cart Page
2021-11-22 15:26:18,528 DEBUG [main] GiftRunner:14 - Add to cart is clicked in page Cart page
2021-11-22 15:26:22,183 DEBUG [main] GiftRunner:14 - Close Button is clicked in page Cart Page
2021-11-22 15:26:25,364 DEBUG [main] GiftRunner:14 - Bigsmall pic is clicked in page cart
2021-11-22 15:26:25,825 DEBUG [main] cache:45 - Couldn't find template in cache for "Extent.ftl"("en_US", UTF-8, parsed); will try to load it.
2021-11-22 15:26:25,826 DEBUG [main] cache:45 - TemplateLoader.findTemplateSource("Extent_en_US.ftl"): Not found
2021-11-22 15:26:25,826 DEBUG [main] cache:45 - TemplateLoader.findTemplateSource("Extent_en.ftl"): Not found
2021-11-22 15:26:25,827 DEBUG [main] cache:45 - TemplateLoader.findTemplateSource("Extent.ftl"): Found
2021-11-22 15:26:25,827 DEBUG [main] cache:45 - Loading template for "Extent.ftl"("en_US", UTF-8, parsed) from "jar:file:/C:/Users/Misbah/.m2/repository/com/relevantcodes/extentreports/2.41.2/extentreports-2.41.2.jar!/com/relevantcodes/extentreports/view/Extent.ftl"
2021-11-22 15:26:29,124 DEBUG [main] GiftRunner:14 - Lamps is clicked in page Home Page
2021-11-22 15:26:35,341 DEBUG [main] GiftRunner:14 - Wooden LED Love Lamp is clicked in page result page
2021-11-22 15:26:38,949 DEBUG [main] GiftRunner:14 - quantity button  is send in page socks page
2021-11-22 15:26:39,611 DEBUG [main] GiftRunner:14 - cart button is clicked in page socks page
2021-11-22 15:26:43,355 DEBUG [main] GiftRunner:14 - Close Button is clicked in page Cart Page
2021-11-22 15:26:46,515 DEBUG [main] GiftRunner:14 - Bigsmall pic is clicked in page cart page
2021-11-22 15:26:51,922 DEBUG [main] cache:45 - Couldn't find template in cache for "Extent.ftl"("en_US", UTF-8, parsed); will try to load it.
2021-11-22 15:26:51,922 DEBUG [main] cache:45 - TemplateLoader.findTemplateSource("Extent_en_US.ftl"): Not found
2021-11-22 15:26:51,923 DEBUG [main] cache:45 - TemplateLoader.findTemplateSource("Extent_en.ftl"): Not found
2021-11-22 15:26:51,923 DEBUG [main] cache:45 - TemplateLoader.findTemplateSource("Extent.ftl"): Found
2021-11-22 15:26:51,926 DEBUG [main] cache:45 - Loading template for "Extent.ftl"("en_US", UTF-8, parsed) from "jar:file:/C:/Users/Misbah/.m2/repository/com/relevantcodes/extentreports/2.41.2/extentreports-2.41.2.jar!/com/relevantcodes/extentreports/view/Extent.ftl"
