2021-11-22 15:41:18,314 DEBUG [main] GiftRunner:14 - URL Opened
2021-11-22 15:41:18,799 DEBUG [main] cache:45 - Couldn't find template in cache for "Extent.ftl"("en_US", UTF-8, parsed); will try to load it.
2021-11-22 15:41:18,800 DEBUG [main] cache:45 - TemplateLoader.findTemplateSource("Extent_en_US.ftl"): Not found
2021-11-22 15:41:18,802 DEBUG [main] cache:45 - TemplateLoader.findTemplateSource("Extent_en.ftl"): Not found
2021-11-22 15:41:18,803 DEBUG [main] cache:45 - TemplateLoader.findTemplateSource("Extent.ftl"): Found
2021-11-22 15:41:18,803 DEBUG [main] cache:45 - Loading template for "Extent.ftl"("en_US", UTF-8, parsed) from "jar:file:/C:/Users/Misbah/.m2/repository/com/relevantcodes/extentreports/2.41.2/extentreports-2.41.2.jar!/com/relevantcodes/extentreports/view/Extent.ftl"
2021-11-22 15:41:19,121 DEBUG [main] GiftRunner:14 - Page opend with title Gifts Online - Send Unique, Unusual Gifts in India, Buy Gifts– Bigsmall.in
2021-11-22 15:41:19,433 DEBUG [main] cache:45 - Couldn't find template in cache for "Extent.ftl"("en_US", UTF-8, parsed); will try to load it.
2021-11-22 15:41:19,434 DEBUG [main] cache:45 - TemplateLoader.findTemplateSource("Extent_en_US.ftl"): Not found
2021-11-22 15:41:19,435 DEBUG [main] cache:45 - TemplateLoader.findTemplateSource("Extent_en.ftl"): Not found
2021-11-22 15:41:19,435 DEBUG [main] cache:45 - TemplateLoader.findTemplateSource("Extent.ftl"): Found
2021-11-22 15:41:19,435 DEBUG [main] cache:45 - Loading template for "Extent.ftl"("en_US", UTF-8, parsed) from "jar:file:/C:/Users/Misbah/.m2/repository/com/relevantcodes/extentreports/2.41.2/extentreports-2.41.2.jar!/com/relevantcodes/extentreports/view/Extent.ftl"
2021-11-22 15:41:21,381 DEBUG [main] GiftRunner:14 - Log In Button is clicked in page Home Page
2021-11-22 15:41:26,728 DEBUG [main] GiftRunner:14 - Email field is send in page Account Log in
2021-11-22 15:41:26,949 DEBUG [main] GiftRunner:14 - password field is send in page Account Log in
2021-11-22 15:41:27,406 DEBUG [main] GiftRunner:14 - sign in button is clicked in page Account Log in
2021-11-22 15:41:27,591 DEBUG [main] GiftRunner:14 - Successfully logged in
2021-11-22 15:41:32,586 DEBUG [main] GiftRunner:14 - Bigsmall pic is clicked in page Log in page
2021-11-22 15:41:33,007 DEBUG [main] cache:45 - Couldn't find template in cache for "Extent.ftl"("en_US", UTF-8, parsed); will try to load it.
2021-11-22 15:41:33,008 DEBUG [main] cache:45 - TemplateLoader.findTemplateSource("Extent_en_US.ftl"): Not found
2021-11-22 15:41:33,008 DEBUG [main] cache:45 - TemplateLoader.findTemplateSource("Extent_en.ftl"): Not found
2021-11-22 15:41:33,009 DEBUG [main] cache:45 - TemplateLoader.findTemplateSource("Extent.ftl"): Found
2021-11-22 15:41:33,009 DEBUG [main] cache:45 - Loading template for "Extent.ftl"("en_US", UTF-8, parsed) from "jar:file:/C:/Users/Misbah/.m2/repository/com/relevantcodes/extentreports/2.41.2/extentreports-2.41.2.jar!/com/relevantcodes/extentreports/view/Extent.ftl"
2021-11-22 15:41:35,645 DEBUG [main] GiftRunner:14 - Personalize Gift button is clicked in page Home page
2021-11-22 15:41:41,712 DEBUG [main] GiftRunner:14 - result is clicked in page Personalize Gift page
2021-11-22 15:41:44,201 DEBUG [main] GiftRunner:14 - Quantity Field is send in page Cart Page
2021-11-22 15:41:44,569 DEBUG [main] GiftRunner:14 - name Field is send in page Cart Page
2021-11-22 15:41:45,206 DEBUG [main] GiftRunner:14 - Add to cart is clicked in page Cart page
2021-11-22 15:41:50,706 DEBUG [main] GiftRunner:14 - home button is clicked in page home page
2021-11-22 15:41:53,146 DEBUG [main] cache:45 - Couldn't find template in cache for "Extent.ftl"("en_US", UTF-8, parsed); will try to load it.
2021-11-22 15:41:53,148 DEBUG [main] cache:45 - TemplateLoader.findTemplateSource("Extent_en_US.ftl"): Not found
2021-11-22 15:41:53,149 DEBUG [main] cache:45 - TemplateLoader.findTemplateSource("Extent_en.ftl"): Not found
2021-11-22 15:41:53,149 DEBUG [main] cache:45 - TemplateLoader.findTemplateSource("Extent.ftl"): Found
2021-11-22 15:41:53,151 DEBUG [main] cache:45 - Loading template for "Extent.ftl"("en_US", UTF-8, parsed) from "jar:file:/C:/Users/Misbah/.m2/repository/com/relevantcodes/extentreports/2.41.2/extentreports-2.41.2.jar!/com/relevantcodes/extentreports/view/Extent.ftl"
2021-11-22 15:41:55,953 DEBUG [main] GiftRunner:14 - secretsanta button is clicked in page  Home page
2021-11-22 15:41:58,800 DEBUG [main] GiftRunner:14 - tissue box  is clicked in page  secretsanta page
2021-11-22 15:41:59,302 DEBUG [main] GiftRunner:14 -  cart button is send in page tissue page
2021-11-22 15:41:59,936 DEBUG [main] GiftRunner:14 - cart button is clicked in page socks page
2021-11-22 15:42:02,570 DEBUG [main] GiftRunner:14 - Close Button is clicked in page Cart Page
2021-11-22 15:42:05,395 DEBUG [main] GiftRunner:14 - home button is clicked in page home page
2021-11-22 15:42:07,845 DEBUG [main] cache:45 - Couldn't find template in cache for "Extent.ftl"("en_US", UTF-8, parsed); will try to load it.
2021-11-22 15:42:07,849 DEBUG [main] cache:45 - TemplateLoader.findTemplateSource("Extent_en_US.ftl"): Not found
2021-11-22 15:42:07,850 DEBUG [main] cache:45 - TemplateLoader.findTemplateSource("Extent_en.ftl"): Not found
2021-11-22 15:42:07,852 DEBUG [main] cache:45 - TemplateLoader.findTemplateSource("Extent.ftl"): Found
2021-11-22 15:42:07,852 DEBUG [main] cache:45 - Loading template for "Extent.ftl"("en_US", UTF-8, parsed) from "jar:file:/C:/Users/Misbah/.m2/repository/com/relevantcodes/extentreports/2.41.2/extentreports-2.41.2.jar!/com/relevantcodes/extentreports/view/Extent.ftl"
2021-11-22 15:42:10,904 DEBUG [main] GiftRunner:14 - Corporate Button is clicked in page Home Page
2021-11-22 15:42:13,337 DEBUG [main] GiftRunner:14 - dummy@gmail.com is send in page Misbah
2021-11-22 15:42:13,727 DEBUG [main] GiftRunner:14 - dummy@gmail.com is send in page Misbah
2021-11-22 15:42:14,095 DEBUG [main] GiftRunner:14 - dummy@gmail.com is send in page Misbah
2021-11-22 15:42:14,633 DEBUG [main] GiftRunner:14 - Submit Button is clicked in page Corporate Page
2021-11-22 15:42:19,655 DEBUG [main] GiftRunner:14 - Bigsmall pic is clicked in page cart page
2021-11-22 15:42:25,153 DEBUG [main] cache:45 - Couldn't find template in cache for "Extent.ftl"("en_US", UTF-8, parsed); will try to load it.
2021-11-22 15:42:25,154 DEBUG [main] cache:45 - TemplateLoader.findTemplateSource("Extent_en_US.ftl"): Not found
2021-11-22 15:42:25,154 DEBUG [main] cache:45 - TemplateLoader.findTemplateSource("Extent_en.ftl"): Not found
2021-11-22 15:42:25,154 DEBUG [main] cache:45 - TemplateLoader.findTemplateSource("Extent.ftl"): Found
2021-11-22 15:42:25,155 DEBUG [main] cache:45 - Loading template for "Extent.ftl"("en_US", UTF-8, parsed) from "jar:file:/C:/Users/Misbah/.m2/repository/com/relevantcodes/extentreports/2.41.2/extentreports-2.41.2.jar!/com/relevantcodes/extentreports/view/Extent.ftl"
2021-11-22 15:42:28,147 DEBUG [main] GiftRunner:14 - Gifts For Girls is clicked in page Home Page
2021-11-22 15:42:34,401 DEBUG [main] GiftRunner:14 - Magical Rainbow Rug is clicked in page result page
2021-11-22 15:42:37,991 DEBUG [main] GiftRunner:14 - quantity button  is send in page socks page
2021-11-22 15:42:38,674 DEBUG [main] GiftRunner:14 - cart button is clicked in page socks page
2021-11-22 15:42:42,397 DEBUG [main] GiftRunner:14 - Close Button is clicked in page Cart Page
2021-11-22 15:42:45,311 DEBUG [main] GiftRunner:14 - Bigsmall pic is clicked in page cart page
2021-11-22 15:42:50,769 DEBUG [main] cache:45 - Couldn't find template in cache for "Extent.ftl"("en_US", UTF-8, parsed); will try to load it.
2021-11-22 15:42:50,770 DEBUG [main] cache:45 - TemplateLoader.findTemplateSource("Extent_en_US.ftl"): Not found
2021-11-22 15:42:50,771 DEBUG [main] cache:45 - TemplateLoader.findTemplateSource("Extent_en.ftl"): Not found
2021-11-22 15:42:50,771 DEBUG [main] cache:45 - TemplateLoader.findTemplateSource("Extent.ftl"): Found
2021-11-22 15:42:50,772 DEBUG [main] cache:45 - Loading template for "Extent.ftl"("en_US", UTF-8, parsed) from "jar:file:/C:/Users/Misbah/.m2/repository/com/relevantcodes/extentreports/2.41.2/extentreports-2.41.2.jar!/com/relevantcodes/extentreports/view/Extent.ftl"
2021-11-22 15:42:53,500 DEBUG [main] GiftRunner:14 - Personalize Gift button is clicked in page Home page
2021-11-22 15:42:56,286 DEBUG [main] GiftRunner:14 - Stainless Steel Bamboo Bottle is clicked in page result page
2021-11-22 15:42:58,714 DEBUG [main] GiftRunner:14 - Quantity Field is send in page Cart Page
2021-11-22 15:42:59,191 DEBUG [main] GiftRunner:14 - Add to cart is clicked in page Cart page
2021-11-22 15:43:04,325 DEBUG [main] GiftRunner:14 - Bigsmall pic is clicked in page cart
2021-11-22 15:43:04,781 DEBUG [main] cache:45 - Couldn't find template in cache for "Extent.ftl"("en_US", UTF-8, parsed); will try to load it.
2021-11-22 15:43:04,782 DEBUG [main] cache:45 - TemplateLoader.findTemplateSource("Extent_en_US.ftl"): Not found
2021-11-22 15:43:04,782 DEBUG [main] cache:45 - TemplateLoader.findTemplateSource("Extent_en.ftl"): Not found
2021-11-22 15:43:04,782 DEBUG [main] cache:45 - TemplateLoader.findTemplateSource("Extent.ftl"): Found
2021-11-22 15:43:04,783 DEBUG [main] cache:45 - Loading template for "Extent.ftl"("en_US", UTF-8, parsed) from "jar:file:/C:/Users/Misbah/.m2/repository/com/relevantcodes/extentreports/2.41.2/extentreports-2.41.2.jar!/com/relevantcodes/extentreports/view/Extent.ftl"
2021-11-22 15:43:07,454 DEBUG [main] GiftRunner:14 - diwali Gift button is clicked in page Home page
2021-11-22 15:43:12,223 DEBUG [main] GiftRunner:14 - Handmade Fish Platter is clicked in page result page
2021-11-22 15:43:14,725 DEBUG [main] GiftRunner:14 - Quantity Field is send in page Cart Page
2021-11-22 15:43:15,286 DEBUG [main] GiftRunner:14 - Add to cart is clicked in page Cart page
2021-11-22 15:43:18,907 DEBUG [main] GiftRunner:14 - Close Button is clicked in page Cart Page
2021-11-22 15:43:21,772 DEBUG [main] GiftRunner:14 - Bigsmall pic is clicked in page cart
2021-11-22 15:43:22,204 DEBUG [main] cache:45 - Couldn't find template in cache for "Extent.ftl"("en_US", UTF-8, parsed); will try to load it.
2021-11-22 15:43:22,204 DEBUG [main] cache:45 - TemplateLoader.findTemplateSource("Extent_en_US.ftl"): Not found
2021-11-22 15:43:22,205 DEBUG [main] cache:45 - TemplateLoader.findTemplateSource("Extent_en.ftl"): Not found
2021-11-22 15:43:22,206 DEBUG [main] cache:45 - TemplateLoader.findTemplateSource("Extent.ftl"): Found
2021-11-22 15:43:22,206 DEBUG [main] cache:45 - Loading template for "Extent.ftl"("en_US", UTF-8, parsed) from "jar:file:/C:/Users/Misbah/.m2/repository/com/relevantcodes/extentreports/2.41.2/extentreports-2.41.2.jar!/com/relevantcodes/extentreports/view/Extent.ftl"
2021-11-22 15:43:27,968 DEBUG [main] GiftRunner:14 - newyear Gift button is clicked in page Home page
2021-11-22 15:43:32,178 DEBUG [main] GiftRunner:14 - Vintage Coffee Grinder is clicked in page result page
2021-11-22 15:43:34,851 DEBUG [main] GiftRunner:14 - Quantity Field is send in page Cart Page
2021-11-22 15:43:35,545 DEBUG [main] GiftRunner:14 - Add to cart is clicked in page Cart page
2021-11-22 15:43:39,342 DEBUG [main] GiftRunner:14 - Close Button is clicked in page Cart Page
2021-11-22 15:43:42,290 DEBUG [main] GiftRunner:14 - Bigsmall pic is clicked in page cart
2021-11-22 15:43:42,780 DEBUG [main] cache:45 - Couldn't find template in cache for "Extent.ftl"("en_US", UTF-8, parsed); will try to load it.
2021-11-22 15:43:42,780 DEBUG [main] cache:45 - TemplateLoader.findTemplateSource("Extent_en_US.ftl"): Not found
2021-11-22 15:43:42,781 DEBUG [main] cache:45 - TemplateLoader.findTemplateSource("Extent_en.ftl"): Not found
2021-11-22 15:43:42,781 DEBUG [main] cache:45 - TemplateLoader.findTemplateSource("Extent.ftl"): Found
2021-11-22 15:43:42,781 DEBUG [main] cache:45 - Loading template for "Extent.ftl"("en_US", UTF-8, parsed) from "jar:file:/C:/Users/Misbah/.m2/repository/com/relevantcodes/extentreports/2.41.2/extentreports-2.41.2.jar!/com/relevantcodes/extentreports/view/Extent.ftl"
2021-11-22 15:43:48,465 DEBUG [main] GiftRunner:14 - rakhi button is clicked in page Home page
2021-11-22 15:43:52,266 DEBUG [main] GiftRunner:14 - Mask Bandhan Rakhi is clicked in page result page
2021-11-22 15:43:54,813 DEBUG [main] GiftRunner:14 - Quantity Field is send in page Cart Page
2021-11-22 15:43:55,414 DEBUG [main] GiftRunner:14 - Add to cart is clicked in page Cart page
2021-11-22 15:43:59,018 DEBUG [main] GiftRunner:14 - Close Button is clicked in page Cart Page
2021-11-22 15:44:02,045 DEBUG [main] GiftRunner:14 - Bigsmall pic is clicked in page cart
2021-11-22 15:44:02,551 DEBUG [main] cache:45 - Couldn't find template in cache for "Extent.ftl"("en_US", UTF-8, parsed); will try to load it.
2021-11-22 15:44:02,552 DEBUG [main] cache:45 - TemplateLoader.findTemplateSource("Extent_en_US.ftl"): Not found
2021-11-22 15:44:02,552 DEBUG [main] cache:45 - TemplateLoader.findTemplateSource("Extent_en.ftl"): Not found
2021-11-22 15:44:02,552 DEBUG [main] cache:45 - TemplateLoader.findTemplateSource("Extent.ftl"): Found
2021-11-22 15:44:02,553 DEBUG [main] cache:45 - Loading template for "Extent.ftl"("en_US", UTF-8, parsed) from "jar:file:/C:/Users/Misbah/.m2/repository/com/relevantcodes/extentreports/2.41.2/extentreports-2.41.2.jar!/com/relevantcodes/extentreports/view/Extent.ftl"
2021-11-22 15:44:05,501 DEBUG [main] GiftRunner:14 - Lamps is clicked in page Home Page
2021-11-22 15:44:11,789 DEBUG [main] GiftRunner:14 - Wooden LED Love Lamp is clicked in page result page
2021-11-22 15:44:15,356 DEBUG [main] GiftRunner:14 - quantity button  is send in page socks page
2021-11-22 15:44:15,998 DEBUG [main] GiftRunner:14 - cart button is clicked in page socks page
2021-11-22 15:44:19,653 DEBUG [main] GiftRunner:14 - Close Button is clicked in page Cart Page
2021-11-22 15:44:22,567 DEBUG [main] GiftRunner:14 - Bigsmall pic is clicked in page cart page
2021-11-22 15:44:28,003 DEBUG [main] cache:45 - Couldn't find template in cache for "Extent.ftl"("en_US", UTF-8, parsed); will try to load it.
2021-11-22 15:44:28,004 DEBUG [main] cache:45 - TemplateLoader.findTemplateSource("Extent_en_US.ftl"): Not found
2021-11-22 15:44:28,005 DEBUG [main] cache:45 - TemplateLoader.findTemplateSource("Extent_en.ftl"): Not found
2021-11-22 15:44:28,006 DEBUG [main] cache:45 - TemplateLoader.findTemplateSource("Extent.ftl"): Found
2021-11-22 15:44:28,006 DEBUG [main] cache:45 - Loading template for "Extent.ftl"("en_US", UTF-8, parsed) from "jar:file:/C:/Users/Misbah/.m2/repository/com/relevantcodes/extentreports/2.41.2/extentreports-2.41.2.jar!/com/relevantcodes/extentreports/view/Extent.ftl"
